2025-01-05T12:25:40Z event_id=fa83007c-0e5a-4531-a8b9-03d9e993bd81 type=purchase user_id=24 cart_id=5262 order_id=859782 total=298.9 currency=USD payment_method=apple_pay
2025-01-05T12:34:03Z event_id=d9f00b67-c3e7-4730-a4ce-91c94570d4f8 type=purchase user_id=35 cart_id=4456 order_id=103402 total=477.37 currency=USD payment_method=apple_pay
2025-01-05T12:41:33Z event_id=b62d5bbe-0306-4f81-b1e9-95531496d650 type=purchase user_id=79 cart_id=8461 order_id=689318 total=351.12 currency=USD payment_method=card
2025-01-05T12:54:18Z event_id=9369e016-04b6-40b2-9004-803c39dfccb4 type=purchase user_id=15 cart_id=3546 order_id=501124 total=437.36 currency=USD payment_method=paypal
2025-01-05T13:02:06Z event_id=4c993aff-a7d9-4986-9102-4ebeb380fafd type=purchase user_id=5 cart_id=8438 order_id=546980 total=346.19 currency=USD payment_method=paypal
2025-01-05T13:06:37Z event_id=df4da26b-4c23-4165-8509-fe97f929e320 type=purchase user_id=19 cart_id=9850 order_id=954814 total=183.68 currency=USD payment_method=paypal
2025-01-05T13:06:38Z event_id=deedc877-fafe-46cf-8f41-1089f3a7864c type=purchase user_id=30 cart_id=4164 order_id=455007 total=315.4 currency=USD payment_method=paypal
2025-01-05T13:10:36Z event_id=fbcbc326-013b-4c49-8ef8-c5e0464518a0 type=purchase user_id=30 cart_id=8684 order_id=743520 total=395.63 currency=USD payment_method=card
2025-01-05T13:11:08Z event_id=01cac2dd-e6c3-465e-a2ba-43d978b19f98 type=purchase user_id=59 cart_id=2557 order_id=800674 total=51.95 currency=USD payment_method=paypal
2025-01-05T13:16:44Z event_id=5fe7b1a4-0080-4fcd-ae82-5581a67712ed type=purchase user_id=24 cart_id=9056 order_id=699544 total=279.33 currency=USD payment_method=paypal
2025-01-05T13:23:27Z event_id=14507e7d-2092-4abc-a1be-baa6862a29ea type=purchase user_id=77 cart_id=1797 order_id=758589 total=376.65 currency=USD payment_method=paypal
2025-01-05T13:23:28Z event_id=cd236037-a87f-481c-a2cd-a3ee4d4163bf type=purchase user_id=80 cart_id=9938 order_id=910143 total=390.18 currency=USD payment_method=apple_pay
2025-01-05T13:24:52Z event_id=d54a3c03-3efd-4f24-b9fc-8cc2d355c17f type=purchase user_id=93 cart_id=8657 order_id=447329 total=340.17 currency=USD payment_method=paypal
2025-01-05T13:38:43Z event_id=0a2e872b-1b4b-4be8-bda5-c4c555bc391d type=purchase user_id=74 cart_id=2139 order_id=795613 total=60.76 currency=USD payment_method=card
2025-01-05T13:44:10Z event_id=ea87d43e-3b22-4475-b28b-0988978930d3 type=purchase user_id=63 cart_id=1878 order_id=557409 total=19.18 currency=USD payment_method=card
2025-01-05T13:45:53Z event_id=f1713db7-b46e-47c4-9c12-dccd992e596a type=purchase user_id=8 cart_id=7883 order_id=540226 total=232.29 currency=USD payment_method=card
2025-01-05T13:48:46Z event_id=5f557916-368e-45dd-bd06-67d4010292fb type=purchase user_id=46 cart_id=3826 order_id=539170 total=417.02 currency=USD payment_method=card
2025-01-05T13:49:00Z event_id=ea51b3e5-2814-4c4c-a008-38d144b33d6c type=purchase user_id=64 cart_id=2592 order_id=505341 total=149.23 currency=USD payment_method=apple_pay
2025-01-05T13:50:36Z event_id=26a55e93-c696-477f-8c13-4e4a6ef94ef9 type=purchase user_id=46 cart_id=5395 order_id=700687 total=35.29 currency=USD payment_method=paypal
2025-01-05T14:01:55Z event_id=0e498ed4-74bb-46ed-9c42-fa145fff57ac type=purchase user_id=59 cart_id=2565 order_id=695642 total=262.23 currency=USD payment_method=paypal
2025-01-05T14:05:47Z event_id=bdb8a6ae-9f46-4cb9-a577-e75637471092 type=purchase user_id=81 cart_id=4241 order_id=565776 total=309.19 currency=USD payment_method=apple_pay
2025-01-05T14:07:00Z event_id=9394f9a5-dead-4e29-8bbd-2ec243d22eb1 type=purchase user_id=36 cart_id=4527 order_id=665158 total=138.74 currency=USD payment_method=apple_pay
2025-01-05T14:14:23Z event_id=98d3ad6b-d189-49e1-ae28-5914c3f1abfa type=purchase user_id=77 cart_id=8775 order_id=721121 total=88.95 currency=USD payment_method=apple_pay
2025-01-05T14:16:00Z event_id=21445947-c745-4e85-ab65-849ee31dc156 type=purchase user_id=65 cart_id=9317 order_id=122056 total=298.27 currency=USD payment_method=card
2025-01-05T14:23:00Z event_id=aca675ba-faa2-4855-9001-c497e72a3b3a type=purchase user_id=92 cart_id=2245 order_id=593355 total=264.29 currency=USD payment_method=paypal
2025-01-05T14:24:36Z event_id=e2fc3c18-f22a-4360-8f62-a81ab51cddab type=purchase user_id=15 cart_id=8715 order_id=337256 total=349.83 currency=USD payment_method=paypal
2025-01-05T14:25:38Z event_id=16f063aa-2d68-4bb5-b64e-1cea879fafed type=purchase user_id=53 cart_id=2612 order_id=361941 total=438.5 currency=USD payment_method=card
2025-01-05T14:33:57Z event_id=4ca64a19-8fb8-4f6b-af28-b5131a86167e type=purchase user_id=64 cart_id=1613 order_id=112426 total=18.2 currency=USD payment_method=apple_pay
2025-01-05T14:36:00Z event_id=9e685ec4-6c93-4b9e-9e7d-a6ce099f883b type=purchase user_id=62 cart_id=7570 order_id=762055 total=158.38 currency=USD payment_method=paypal
2025-01-05T14:36:58Z event_id=d927c8f6-b586-4bd3-bfc4-7ba2362e3b28 type=purchase user_id=62 cart_id=5123 order_id=167603 total=106.9 currency=USD payment_method=apple_pay
2025-01-05T14:37:03Z event_id=c3960b78-fee5-47ab-b882-b64a279c695d type=purchase user_id=8 cart_id=5584 order_id=918859 total=431.62 currency=USD payment_method=paypal
2025-01-05T14:37:41Z event_id=6558e7b4-269e-4aec-91ad-5c7199a27a9c type=purchase user_id=62 cart_id=6905 order_id=145903 total=419.24 currency=USD payment_method=card
2025-01-05T14:48:12Z event_id=b322b1ea-56d0-451e-876d-2afed68bf7ee type=purchase user_id=40 cart_id=2391 order_id=498138 total=448.92 currency=USD payment_method=paypal
2025-01-05T14:53:28Z event_id=203fe7e8-e3f6-4bbb-b5c4-64998a61f304 type=purchase user_id=80 cart_id=5501 order_id=200195 total=41.26 currency=USD payment_method=paypal
2025-01-05T14:57:36Z event_id=ca24aacc-f794-43f7-8a78-684b43f47a4c type=purchase user_id=80 cart_id=9060 order_id=414295 total=289.44 currency=USD payment_method=apple_pay
2025-01-05T15:02:46Z event_id=753c7d0a-4df5-44b6-bcab-733a4c2fa0e1 type=purchase user_id=4 cart_id=3979 order_id=925206 total=286.64 currency=USD payment_method=card
2025-01-05T15:04:15Z event_id=6ec372a8-cf6c-488d-ba2e-048b501c19c8 type=purchase user_id=13 cart_id=6635 order_id=273148 total=139.88 currency=USD payment_method=apple_pay
2025-01-05T15:07:00Z event_id=bc181796-7cd6-4ead-8b1c-283d37217fea type=purchase user_id=71 cart_id=2527 order_id=255539 total=42.18 currency=USD payment_method=paypal
2025-01-05T15:10:36Z event_id=d57ed0c7-ed32-4213-8fe4-82b35feca8d7 type=purchase user_id=85 cart_id=2129 order_id=614663 total=229.61 currency=USD payment_method=card
2025-01-05T15:13:32Z event_id=9729048a-e3e9-41f3-8db4-18ceb7e3fd14 type=purchase user_id=99 cart_id=2876 order_id=938141 total=127.26 currency=USD payment_method=card
2025-01-05T15:13:35Z event_id=56a1ff71-e078-444c-b5ac-ec494a0da272 type=purchase user_id=92 cart_id=7730 order_id=734534 total=175.43 currency=USD payment_method=apple_pay
2025-01-05T15:17:22Z event_id=b414a985-9d2c-4d3d-9317-4c11703e5730 type=purchase user_id=63 cart_id=8220 order_id=330646 total=478.92 currency=USD payment_method=apple_pay
2025-01-05T15:18:06Z event_id=262ad693-47dd-46e4-8426-d7326ffcada2 type=purchase user_id=5 cart_id=4268 order_id=331625 total=323.43 currency=USD payment_method=card
2025-01-05T15:22:31Z event_id=09373b19-4357-40dc-ab72-98d452dad9b0 type=purchase user_id=20 cart_id=7870 order_id=732789 total=274.25 currency=USD payment_method=card
2025-01-05T15:29:33Z event_id=8ec93eb2-af9b-4a09-829b-4788c046af8a type=purchase user_id=84 cart_id=2911 order_id=988432 total=63.03 currency=USD payment_method=apple_pay
2025-01-05T15:30:54Z event_id=8f516867-1d81-47f1-8829-bb638ef00bf1 type=purchase user_id=69 cart_id=9903 order_id=350161 total=159.64 currency=USD payment_method=card
2025-01-05T15:30:57Z event_id=76595029-938c-4b1a-8c5d-8de6997339d6 type=purchase user_id=84 cart_id=3112 order_id=400009 total=184.92 currency=USD payment_method=card
2025-01-05T15:33:43Z event_id=ad0b7fbd-db92-401c-be28-0f9c9eff0c12 type=purchase user_id=90 cart_id=9067 order_id=375436 total=157.08 currency=USD payment_method=apple_pay
2025-01-05T15:35:34Z event_id=eb9ade3d-6f1b-4722-b7af-d7ba500ac0ef type=purchase user_id=43 cart_id=4438 order_id=326956 total=299.87 currency=USD payment_method=paypal
2025-01-05T15:39:04Z event_id=50071b6f-c320-4a19-96d0-98f1466e3b51 type=purchase user_id=1 cart_id=4519 order_id=752338 total=243.61 currency=USD payment_method=paypal
2025-01-05T15:39:28Z event_id=15856f84-e0ce-49e8-b58d-6cc8420a685d type=purchase user_id=24 cart_id=8479 order_id=439121 total=345.52 currency=USD payment_method=apple_pay
2025-01-05T15:39:33Z event_id=cd8d2b4c-2ec6-4432-9255-f69fe71c87ae type=purchase user_id=12 cart_id=8391 order_id=667036 total=25.96 currency=USD payment_method=paypal
2025-01-05T15:42:21Z event_id=74f7f4c9-e909-4701-b692-24ca377677dc type=purchase user_id=70 cart_id=1475 order_id=908323 total=434.1 currency=USD payment_method=card
2025-01-05T15:47:59Z event_id=9e9cf679-7df6-4ea8-8c16-5dcedcf7cd00 type=purchase user_id=79 cart_id=3373 order_id=120875 total=37.11 currency=USD payment_method=card
2025-01-05T15:49:26Z event_id=0bf5636b-7fce-4f09-8533-40cbc2cdd413 type=purchase user_id=48 cart_id=9850 order_id=456331 total=182.0 currency=USD payment_method=card
2025-01-05T15:53:09Z event_id=98276216-a00a-4756-ae93-200bc59c92ea type=purchase user_id=34 cart_id=5673 order_id=994141 total=270.25 currency=USD payment_method=card
2025-01-05T15:54:41Z event_id=2f6dfb56-aebb-4dcf-8f2e-eb0734b1761a type=purchase user_id=72 cart_id=8311 order_id=446305 total=326.89 currency=USD payment_method=paypal
2025-01-05T15:55:17Z event_id=9ca4ab16-32e7-4599-81e8-cded7d63324b type=purchase user_id=13 cart_id=8692 order_id=428961 total=292.15 currency=USD payment_method=card
2025-01-05T15:55:53Z event_id=db226ab3-32fe-4801-a26f-53e8f9ab7062 type=purchase user_id=72 cart_id=4798 order_id=989079 total=425.06 currency=USD payment_method=paypal
2025-01-05T15:56:09Z event_id=095c181d-3eef-4336-92f9-0858004a220c type=purchase user_id=7 cart_id=2245 order_id=187295 total=60.92 currency=USD payment_method=apple_pay
2025-01-05T15:57:18Z event_id=ad88f1fd-b630-434a-b66d-5bfac75e06a9 type=purchase user_id=49 cart_id=1731 order_id=903061 total=123.93 currency=USD payment_method=card
2025-01-05T15:58:17Z event_id=2959c760-23ad-42f3-8584-5975475a29d5 type=purchase user_id=74 cart_id=5837 order_id=478638 total=467.62 currency=USD payment_method=card
2025-01-05T15:59:47Z event_id=6eb80af4-084a-4305-962a-e2c0c6dc69b7 type=purchase user_id=15 cart_id=8073 order_id=273133 total=291.91 currency=USD payment_method=card
2025-01-05T16:00:15Z event_id=f33926a8-5303-430e-b330-cd7f5d5302b0 type=purchase user_id=61 cart_id=7116 order_id=839122 total=190.6 currency=USD payment_method=apple_pay
2025-01-05T16:02:14Z event_id=bcad5f2f-4bf0-4052-ab92-2f6818735f2c type=purchase user_id=21 cart_id=4367 order_id=396698 total=168.35 currency=USD payment_method=card
2025-01-05T16:04:00Z event_id=2adab8bb-1498-4c01-a539-e5c4d2bb2406 type=purchase user_id=75 cart_id=6930 order_id=707314 total=370.51 currency=USD payment_method=card
2025-01-05T16:04:58Z event_id=e741dafb-2e34-4e73-9886-a965e46a1c36 type=purchase user_id=96 cart_id=7246 order_id=479404 total=18.93 currency=USD payment_method=paypal
2025-01-05T16:08:29Z event_id=08e18306-c8bf-4e34-8856-a5705b304701 type=purchase user_id=83 cart_id=5327 order_id=698388 total=463.7 currency=USD payment_method=card
2025-01-05T16:08:36Z event_id=3ef9d040-a792-4c3e-94ec-831a13e53cd4 type=purchase user_id=30 cart_id=6690 order_id=959222 total=139.04 currency=USD payment_method=paypal
2025-01-05T16:09:17Z event_id=712c6f97-9679-4dd9-8fb9-83235a13f160 type=purchase user_id=38 cart_id=4768 order_id=543681 total=396.65 currency=USD payment_method=card
2025-01-05T16:09:35Z event_id=0f198372-6e41-4c43-9e7e-0893e2b544ab type=purchase user_id=94 cart_id=5022 order_id=862712 total=479.53 currency=USD payment_method=apple_pay
2025-01-05T16:10:56Z event_id=174950ec-27bb-4f8d-8fea-3079ebd24f2c type=purchase user_id=83 cart_id=9202 order_id=449636 total=344.1 currency=USD payment_method=paypal
2025-01-05T16:11:36Z event_id=c5ab5cae-fc58-4355-9b57-436fdf0ee966 type=purchase user_id=47 cart_id=8863 order_id=401244 total=55.57 currency=USD payment_method=apple_pay
2025-01-05T16:12:00Z event_id=1c989b3e-76ef-4546-bc56-650fdcc62ab0 type=purchase user_id=89 cart_id=4751 order_id=741055 total=24.12 currency=USD payment_method=apple_pay
2025-01-05T16:12:25Z event_id=cf4aff39-a532-49d3-8039-0860b7ea0d67 type=purchase user_id=46 cart_id=1806 order_id=823201 total=468.8 currency=USD payment_method=card
2025-01-05T16:13:10Z event_id=60687588-3384-4865-bd5b-d60ebdcb63b4 type=purchase user_id=47 cart_id=4817 order_id=925455 total=121.81 currency=USD payment_method=paypal
2025-01-05T16:15:39Z event_id=e8398185-822f-4851-8e0b-aec584a06bf9 type=purchase user_id=51 cart_id=4273 order_id=539599 total=107.73 currency=USD payment_method=apple_pay
2025-01-05T16:17:44Z event_id=366e3043-9b48-4faa-bb36-a4105d3a3c92 type=purchase user_id=64 cart_id=9470 order_id=746781 total=404.53 currency=USD payment_method=paypal
2025-01-05T16:18:22Z event_id=58604695-fd37-4756-8411-3f83b74fa68c type=purchase user_id=51 cart_id=8765 order_id=692099 total=189.17 currency=USD payment_method=paypal
2025-01-05T16:18:49Z event_id=3aba8347-9dc7-4019-af16-7b72c98aaeee type=purchase user_id=84 cart_id=1424 order_id=987586 total=126.93 currency=USD payment_method=card
2025-01-05T16:19:21Z event_id=4b411c94-6c48-4f86-9249-7d55dc4eb3a0 type=purchase user_id=23 cart_id=6608 order_id=344315 total=275.36 currency=USD payment_method=apple_pay
2025-01-05T16:20:22Z event_id=007375a1-6914-491e-b5c2-78d553472284 type=purchase user_id=100 cart_id=6772 order_id=237414 total=302.65 currency=USD payment_method=card
2025-01-05T16:21:46Z event_id=46138235-4a73-40b5-b228-2b1b3501bbc0 type=purchase user_id=84 cart_id=5895 order_id=565897 total=196.32 currency=USD payment_method=apple_pay
2025-01-05T16:22:25Z event_id=2a871f45-5bb1-4069-b0c9-e6c3b066baee type=purchase user_id=78 cart_id=2894 order_id=321275 total=139.68 currency=USD payment_method=card
2025-01-05T16:23:08Z event_id=f0496e76-f074-4cd0-91d3-5fbe5df6994f type=purchase user_id=90 cart_id=5718 order_id=570717 total=197.36 currency=USD payment_method=apple_pay
2025-01-05T16:23:25Z event_id=72af3547-f21a-4afa-b3ed-9bfc326104e9 type=purchase user_id=59 cart_id=7898 order_id=799961 total=59.01 currency=USD payment_method=apple_pay
2025-01-05T16:24:53Z event_id=6a27a204-a12c-4dc0-a2e4-d902af78e4af type=purchase user_id=68 cart_id=4813 order_id=415076 total=487.37 currency=USD payment_method=paypal
2025-01-05T16:26:22Z event_id=2b8a60de-0a9e-49b5-81ad-c2dda94e2068 type=purchase user_id=59 cart_id=2213 order_id=497607 total=54.22 currency=USD payment_method=apple_pay
2025-01-05T16:30:29Z event_id=b57f2b0f-4b36-48f5-82f7-c250205bb8dc type=purchase user_id=9 cart_id=9782 order_id=714136 total=457.23 currency=USD payment_method=paypal
2025-01-05T16:31:07Z event_id=b36eb46d-eea3-4170-921e-51235bfdfa9b type=purchase user_id=45 cart_id=8855 order_id=953568 total=231.77 currency=USD payment_method=apple_pay
2025-01-05T16:34:36Z event_id=968301b7-a64b-4537-99a9-5f56d09948cf type=purchase user_id=80 cart_id=3138 order_id=854787 total=105.14 currency=USD payment_method=paypal
2025-01-05T16:35:07Z event_id=4c63252f-95cf-4139-bcb2-78067f764138 type=purchase user_id=57 cart_id=4501 order_id=519453 total=374.22 currency=USD payment_method=paypal
2025-01-05T16:36:09Z event_id=b464aaf4-44e3-4ba6-97fc-c6d27433f5ea type=purchase user_id=67 cart_id=9561 order_id=105547 total=404.14 currency=USD payment_method=card
2025-01-05T16:36:12Z event_id=a261d44d-c101-4325-8974-9a3d1358b49c type=purchase user_id=28 cart_id=4295 order_id=340062 total=43.03 currency=USD payment_method=card
2025-01-05T16:39:40Z event_id=9756df7c-7faa-495a-8707-ca77c08d4443 type=purchase user_id=71 cart_id=3126 order_id=810287 total=143.89 currency=USD payment_method=paypal
2025-01-05T16:41:36Z event_id=e494d1db-5880-49d9-aefa-bffe8cfba0ac type=purchase user_id=85 cart_id=7981 order_id=107096 total=474.92 currency=USD payment_method=paypal
2025-01-05T16:43:15Z event_id=5aa09d53-6766-4e61-b472-5f27b468ff40 type=purchase user_id=85 cart_id=4271 order_id=819656 total=271.97 currency=USD payment_method=paypal
2025-01-05T16:44:06Z event_id=159468ad-6dea-43aa-9eaa-d6cf112edb31 type=purchase user_id=63 cart_id=3328 order_id=501798 total=215.14 currency=USD payment_method=paypal
2025-01-05T16:44:43Z event_id=68c0a7db-a987-4603-b4d6-d9008a1aa789 type=purchase user_id=18 cart_id=9393 order_id=255202 total=74.77 currency=USD payment_method=card
2025-01-05T16:49:00Z event_id=54b1b66c-a7a3-445d-9590-ae5742024426 type=purchase user_id=56 cart_id=1475 order_id=856321 total=104.37 currency=USD payment_method=card
2025-01-05T16:51:33Z event_id=aa167a29-6e75-455e-9580-df19b29efc52 type=purchase user_id=15 cart_id=3410 order_id=485570 total=182.38 currency=USD payment_method=paypal
2025-01-05T16:52:35Z event_id=26a2ea66-e1bf-44c5-8b10-c6e1c5f19631 type=purchase user_id=16 cart_id=5033 order_id=548462 total=284.84 currency=USD payment_method=card
2025-01-05T16:54:40Z event_id=14d6c3ef-faaf-4534-8044-3c0576efac02 type=purchase user_id=99 cart_id=2889 order_id=949049 total=401.03 currency=USD payment_method=card
2025-01-05T17:05:13Z event_id=643f3b5b-829a-402e-a18c-9a915f4d750a type=purchase user_id=86 cart_id=1848 order_id=682051 total=57.85 currency=USD payment_method=paypal
2025-01-05T17:06:14Z event_id=5ac0d501-5ed0-4944-8eea-79d0e55e88b6 type=purchase user_id=89 cart_id=5578 order_id=318217 total=145.45 currency=USD payment_method=card
2025-01-05T17:08:43Z event_id=0e8ff9c3-7284-48d3-a87e-a09e1bfb8972 type=purchase user_id=36 cart_id=8450 order_id=219073 total=328.03 currency=USD payment_method=apple_pay
2025-01-05T17:10:02Z event_id=6ed6bfb8-3625-4127-97bc-018f869993ae type=purchase user_id=51 cart_id=7385 order_id=366431 total=186.4 currency=USD payment_method=paypal
2025-01-05T17:11:54Z event_id=7eb059b2-3bdf-4ba8-9724-9a68f6fc075e type=purchase user_id=35 cart_id=4588 order_id=323573 total=160.53 currency=USD payment_method=paypal
2025-01-05T17:12:04Z event_id=c53ab3e2-c9b4-41b4-9fac-f83aafb89244 type=purchase user_id=40 cart_id=5731 order_id=521556 total=404.26 currency=USD payment_method=apple_pay
2025-01-05T17:13:47Z event_id=3b6bb796-5825-4638-a529-b51f5f9a0838 type=purchase user_id=35 cart_id=8540 order_id=288052 total=419.51 currency=USD payment_method=card
2025-01-05T17:19:28Z event_id=34b8c2b6-a121-40c7-937d-02b79781b813 type=purchase user_id=93 cart_id=9136 order_id=745374 total=164.04 currency=USD payment_method=paypal
2025-01-05T17:22:04Z event_id=dcd07d2b-3ec2-4bdc-b15d-ba62763eb9a1 type=purchase user_id=93 cart_id=5441 order_id=737058 total=319.8 currency=USD payment_method=paypal
2025-01-05T17:24:27Z event_id=cc48fe69-96b0-4d75-b094-68e8845c7963 type=purchase user_id=41 cart_id=6483 order_id=640571 total=414.61 currency=USD payment_method=card
2025-01-05T17:24:47Z event_id=91be2c2f-d44e-4322-8e4a-27dec818c842 type=purchase user_id=77 cart_id=8888 order_id=182427 total=319.38 currency=USD payment_method=apple_pay
2025-01-05T17:25:34Z event_id=48077488-46c2-4206-850c-9b5f15b922b3 type=purchase user_id=34 cart_id=5543 order_id=225200 total=256.0 currency=USD payment_method=card
2025-01-05T17:27:28Z event_id=30eddf81-416c-470f-88e5-d3ace23adc9a type=purchase user_id=67 cart_id=7125 order_id=416181 total=386.1 currency=USD payment_method=paypal
2025-01-05T17:28:39Z event_id=5bf86297-34b8-4f9f-97be-6076bf3db5dd type=purchase user_id=44 cart_id=4652 order_id=725510 total=299.39 currency=USD payment_method=card
2025-01-05T17:29:59Z event_id=2133b84a-1cd7-4b33-8d11-62483b173d79 type=purchase user_id=13 cart_id=3275 order_id=565909 total=409.58 currency=USD payment_method=paypal
2025-01-05T17:32:39Z event_id=ad92a3af-0c8e-4ef6-bc69-2eb668421646 type=purchase user_id=29 cart_id=2124 order_id=571145 total=453.6 currency=USD payment_method=card
2025-01-05T17:34:28Z event_id=9ae800a2-edcc-4390-a6e7-423619635ffd type=purchase user_id=21 cart_id=2646 order_id=155432 total=460.04 currency=USD payment_method=apple_pay
2025-01-05T17:35:23Z event_id=fe336c98-2d24-41f0-b22b-92d71eca3425 type=purchase user_id=63 cart_id=3918 order_id=846621 total=308.56 currency=USD payment_method=paypal
2025-01-05T17:36:00Z event_id=136353ea-62eb-4900-87f3-03bc6cdbd248 type=purchase user_id=76 cart_id=1444 order_id=563303 total=66.96 currency=USD payment_method=card
2025-01-05T17:37:07Z event_id=418c4db1-7012-4c0b-af85-f795959756df type=purchase user_id=76 cart_id=4519 order_id=179184 total=320.48 currency=USD payment_method=card
2025-01-05T17:37:15Z event_id=21d772bf-b227-4b8e-bccb-1f83cc523f5d type=purchase user_id=94 cart_id=2148 order_id=713635 total=158.92 currency=USD payment_method=apple_pay
2025-01-05T17:37:41Z event_id=15479fcf-7796-4a99-a693-04942f76f5c8 type=purchase user_id=16 cart_id=3308 order_id=903265 total=468.76 currency=USD payment_method=card
2025-01-05T17:39:04Z event_id=9d29d724-48f3-4ba2-8136-626ec8fffa96 type=purchase user_id=85 cart_id=2565 order_id=936274 total=178.75 currency=USD payment_method=card
2025-01-05T17:39:15Z event_id=63d6aaed-0735-4e6e-8fce-65914a67bfe0 type=purchase user_id=20 cart_id=1249 order_id=323415 total=11.09 currency=USD payment_method=apple_pay
2025-01-05T17:40:05Z event_id=2ce2ab44-584b-4970-b661-a29843b4e37f type=purchase user_id=96 cart_id=5904 order_id=938373 total=458.93 currency=USD payment_method=paypal
2025-01-05T17:40:42Z event_id=66960652-4f83-40d0-91e9-c3ada79d83b6 type=purchase user_id=5 cart_id=5889 order_id=180595 total=427.21 currency=USD payment_method=paypal
2025-01-05T17:42:38Z event_id=016af28c-eee1-4852-8df0-431dadc95979 type=purchase user_id=27 cart_id=6147 order_id=629959 total=249.38 currency=USD payment_method=card
2025-01-05T17:42:43Z event_id=5722a369-5290-4d7a-ad69-7787460f99e2 type=purchase user_id=58 cart_id=8025 order_id=989227 total=413.85 currency=USD payment_method=card
2025-01-05T17:42:44Z event_id=88f63322-8620-4c57-b847-89aea091553e type=purchase user_id=74 cart_id=2639 order_id=391433 total=460.01 currency=USD payment_method=apple_pay
2025-01-05T17:43:06Z event_id=836e07cf-a531-4abd-9335-699265d4c39e type=purchase user_id=20 cart_id=9138 order_id=498763 total=319.2 currency=USD payment_method=card
2025-01-05T17:47:45Z event_id=08e8b36d-8775-407b-bed0-81d5754047cc type=purchase user_id=30 cart_id=1311 order_id=910653 total=46.78 currency=USD payment_method=apple_pay
2025-01-05T17:49:39Z event_id=c4af7635-d147-43c5-9cee-d6502540db55 type=purchase user_id=60 cart_id=9476 order_id=983532 total=156.62 currency=USD payment_method=paypal
2025-01-05T17:50:06Z event_id=6ffd8897-b45d-482d-a0b3-4af521b950b8 type=purchase user_id=38 cart_id=7121 order_id=458224 total=113.21 currency=USD payment_method=apple_pay
2025-01-05T17:50:40Z event_id=e5fd3943-619d-47bf-8456-aaba928c48d6 type=purchase user_id=83 cart_id=9630 order_id=156413 total=485.46 currency=USD payment_method=paypal
2025-01-05T17:51:06Z event_id=5628231a-8099-41dd-bbdc-235b8a7f21fd type=purchase user_id=3 cart_id=2215 order_id=773462 total=310.71 currency=USD payment_method=apple_pay
2025-01-05T17:51:53Z event_id=39d27181-04de-4e9b-9d47-8a626f56375d type=purchase user_id=24 cart_id=5882 order_id=254525 total=134.6 currency=USD payment_method=apple_pay
2025-01-05T17:53:11Z event_id=33f1e81f-208f-4ad4-bf75-4fd112271fbd type=purchase user_id=60 cart_id=5463 order_id=169832 total=200.44 currency=USD payment_method=paypal
2025-01-05T17:53:33Z event_id=308f1e74-9ac2-4102-b4cf-2b0602614eee type=purchase user_id=38 cart_id=1963 order_id=830650 total=326.33 currency=USD payment_method=apple_pay
2025-01-05T17:54:05Z event_id=3f26c42e-ebf9-434c-9178-21c21f2cc485 type=purchase user_id=64 cart_id=1203 order_id=653764 total=345.2 currency=USD payment_method=card
2025-01-05T17:54:29Z event_id=8901d689-c6a3-4594-977d-afd479d3db27 type=purchase user_id=1 cart_id=7456 order_id=250882 total=440.31 currency=USD payment_method=apple_pay
2025-01-05T17:54:54Z event_id=d76eb2cb-dc65-4b29-a119-b84356398afd type=purchase user_id=78 cart_id=9937 order_id=551860 total=75.63 currency=USD payment_method=paypal
2025-01-05T17:58:36Z event_id=ca2db38d-62fe-47eb-9e50-cbdf341b5780 type=purchase user_id=45 cart_id=6752 order_id=834649 total=187.8 currency=USD payment_method=apple_pay
2025-01-05T17:59:43Z event_id=886ef53e-087e-4116-b48e-ca61c5c152a0 type=purchase user_id=59 cart_id=8268 order_id=170060 total=39.02 currency=USD payment_method=paypal
2025-01-05T18:01:24Z event_id=2a8beca4-60ee-487d-b324-338f3304722e type=purchase user_id=98 cart_id=1717 order_id=471858 total=131.88 currency=USD payment_method=apple_pay
2025-01-05T18:07:20Z event_id=b125cde3-4386-453b-9aa5-934ced5f2a91 type=purchase user_id=9 cart_id=8967 order_id=113765 total=338.54 currency=USD payment_method=paypal
2025-01-05T18:07:23Z event_id=17024e10-7fe0-44eb-b0c9-6a3c144eb54c type=purchase user_id=77 cart_id=3425 order_id=337212 total=132.83 currency=USD payment_method=apple_pay
2025-01-05T18:10:55Z event_id=aa0a6acc-d75b-4a41-b9f8-f5203dda7447 type=purchase user_id=28 cart_id=9165 order_id=649063 total=162.08 currency=USD payment_method=paypal
2025-01-05T18:15:01Z event_id=516c9e70-36f7-443b-b3af-fcd2254cacf0 type=purchase user_id=62 cart_id=9473 order_id=407706 total=29.08 currency=USD payment_method=card
2025-01-05T18:15:13Z event_id=f9678de7-40ff-46a0-9c73-7b859d3fd3aa type=purchase user_id=11 cart_id=5803 order_id=904624 total=77.25 currency=USD payment_method=paypal
2025-01-05T18:17:36Z event_id=97c7ad9e-899f-4795-914b-375b4c470f35 type=purchase user_id=52 cart_id=9437 order_id=885290 total=321.57 currency=USD payment_method=apple_pay
2025-01-05T18:19:34Z event_id=0b944210-dc0c-4062-b5d2-5d2a4864a945 type=purchase user_id=44 cart_id=1477 order_id=778540 total=309.88 currency=USD payment_method=card
2025-01-05T18:21:50Z event_id=79259ddc-3019-439c-8847-4e29bba4ecb0 type=purchase user_id=71 cart_id=4457 order_id=265497 total=260.34 currency=USD payment_method=paypal
2025-01-05T18:21:59Z event_id=801c3363-9801-4cbc-bbd0-0eec93ad5d8e type=purchase user_id=99 cart_id=4030 order_id=722487 total=143.76 currency=USD payment_method=apple_pay
2025-01-05T18:22:48Z event_id=9369c338-0809-4875-bbe7-e365fa823988 type=purchase user_id=6 cart_id=6309 order_id=182578 total=443.75 currency=USD payment_method=card
2025-01-05T18:23:05Z event_id=c3dce51f-251c-48b6-b381-ca9098afb652 type=purchase user_id=33 cart_id=9530 order_id=769809 total=232.19 currency=USD payment_method=paypal
2025-01-05T18:28:53Z event_id=2c4bec48-2e80-4c07-a3b8-4f02f73ed419 type=purchase user_id=58 cart_id=2786 order_id=953025 total=324.97 currency=USD payment_method=apple_pay
2025-01-05T18:30:12Z event_id=7aa39683-48fc-4a84-9bf1-2adeebeaa465 type=purchase user_id=66 cart_id=5262 order_id=742686 total=36.74 currency=USD payment_method=apple_pay
2025-01-05T18:30:29Z event_id=e69b50d9-3045-418c-8c16-ffa54eb240a5 type=purchase user_id=56 cart_id=7227 order_id=963274 total=495.54 currency=USD payment_method=apple_pay
2025-01-05T18:32:05Z event_id=28087585-49da-4d25-b817-c49de2335f0a type=purchase user_id=36 cart_id=9535 order_id=738309 total=379.69 currency=USD payment_method=paypal
2025-01-05T18:32:26Z event_id=a5e7be2f-0d29-4dd5-a4bf-52b4b4700247 type=purchase user_id=66 cart_id=3845 order_id=829943 total=150.94 currency=USD payment_method=apple_pay
2025-01-05T18:32:40Z event_id=d5b4690a-1a8e-4c93-80d6-2783090350e7 type=purchase user_id=27 cart_id=5967 order_id=785491 total=495.92 currency=USD payment_method=apple_pay
2025-01-05T18:36:08Z event_id=1bb0cb72-0282-45f1-b8d1-5c8881bd8fdc type=purchase user_id=90 cart_id=8548 order_id=397025 total=394.78 currency=USD payment_method=apple_pay
2025-01-05T18:36:34Z event_id=4d6b74a6-703c-40a2-901e-e95a3c33e4d6 type=purchase user_id=39 cart_id=1781 order_id=950941 total=419.59 currency=USD payment_method=apple_pay
2025-01-05T18:37:30Z event_id=19349d20-fc9c-41f5-8e73-f83c6e73049e type=purchase user_id=82 cart_id=4098 order_id=742349 total=399.04 currency=USD payment_method=paypal
2025-01-05T18:37:59Z event_id=2bba9e39-9127-432a-8a41-c449a1df1be5 type=purchase user_id=79 cart_id=1170 order_id=493935 total=72.37 currency=USD payment_method=card
2025-01-05T18:39:07Z event_id=90fcdd49-732e-4692-b442-b6879b238956 type=purchase user_id=43 cart_id=9173 order_id=600652 total=433.93 currency=USD payment_method=paypal
2025-01-05T18:40:27Z event_id=968c7adb-8a10-4a27-a996-3b2f1ea8da80 type=purchase user_id=82 cart_id=4056 order_id=911513 total=198.91 currency=USD payment_method=paypal
2025-01-05T18:42:08Z event_id=d727e4bc-41f0-4d69-bbe4-b5590c402d76 type=purchase user_id=45 cart_id=9361 order_id=812641 total=292.65 currency=USD payment_method=card
2025-01-05T18:42:13Z event_id=3da8d173-9b0b-4722-b3a6-f3c05aaa4c04 type=purchase user_id=100 cart_id=7859 order_id=780130 total=81.13 currency=USD payment_method=card
2025-01-05T18:42:35Z event_id=f650134e-54d8-4f8c-87d7-11b36911d6b4 type=purchase user_id=22 cart_id=4629 order_id=862398 total=24.45 currency=USD payment_method=paypal
2025-01-05T18:44:51Z event_id=131cfeb4-02a3-47a4-9300-a00b18f7af44 type=purchase user_id=43 cart_id=2377 order_id=833787 total=11.22 currency=USD payment_method=paypal
2025-01-05T18:45:02Z event_id=38affb79-e43d-4712-b1cf-ac2cbe397f52 type=purchase user_id=32 cart_id=3071 order_id=396983 total=193.82 currency=USD payment_method=apple_pay
2025-01-05T18:46:55Z event_id=f9f4e447-86e8-4a00-b1a1-ece5df90e89c type=purchase user_id=22 cart_id=1893 order_id=169966 total=303.46 currency=USD payment_method=paypal
2025-01-05T18:48:51Z event_id=f3c830c9-62f6-4f4a-b6ae-29f2fc6764b5 type=purchase user_id=32 cart_id=9376 order_id=576364 total=281.54 currency=USD payment_method=paypal
2025-01-05T18:51:05Z event_id=8cc82955-f658-4f5a-9021-ad2fa50911b2 type=purchase user_id=32 cart_id=5435 order_id=897962 total=281.56 currency=USD payment_method=apple_pay
2025-01-05T18:52:16Z event_id=7e2f062b-25e0-48f4-90ee-49f5a6828c2a type=purchase user_id=40 cart_id=8555 order_id=972993 total=193.0 currency=USD payment_method=paypal
2025-01-05T18:54:28Z event_id=73e817c2-2fe8-4a1f-866c-42a9139d794d type=purchase user_id=48 cart_id=4387 order_id=113721 total=465.8 currency=USD payment_method=card
2025-01-05T18:54:52Z event_id=aedd110a-c175-4694-889a-dafdfa894ad1 type=purchase user_id=2 cart_id=2110 order_id=274418 total=443.43 currency=USD payment_method=paypal
2025-01-05T18:57:06Z event_id=f4783c03-4b3d-426b-82d1-f92b4fda0d53 type=purchase user_id=25 cart_id=7960 order_id=989548 total=337.55 currency=USD payment_method=paypal
2025-01-05T18:59:12Z event_id=3e50b956-1261-4605-8a89-511f77f94032 type=purchase user_id=68 cart_id=3450 order_id=641380 total=496.22 currency=USD payment_method=apple_pay
2025-01-05T19:00:00Z event_id=e205621f-14dc-4958-8761-9b4788ec7d52 type=purchase user_id=18 cart_id=5384 order_id=232858 total=400.47 currency=USD payment_method=apple_pay
2025-01-05T19:03:09Z event_id=3477fc59-ed14-47f5-8315-65a630b6d325 type=purchase user_id=11 cart_id=4308 order_id=708979 total=452.6 currency=USD payment_method=apple_pay
2025-01-05T19:03:28Z event_id=4c083521-0a91-4e53-a005-bd5c764833cb type=purchase user_id=44 cart_id=4185 order_id=638637 total=183.11 currency=USD payment_method=card
2025-01-05T19:03:30Z event_id=b85d2895-acfc-4382-82c2-94fdf371ea73 type=purchase user_id=92 cart_id=2194 order_id=537420 total=97.89 currency=USD payment_method=apple_pay
2025-01-05T19:03:33Z event_id=ad909f4f-9fc5-4c7c-a8d5-c0c18572be0f type=purchase user_id=15 cart_id=9113 order_id=599159 total=106.72 currency=USD payment_method=apple_pay
2025-01-05T19:05:43Z event_id=c4b1b88e-a1e8-4413-8c7e-b6bb94fa4f3e type=purchase user_id=53 cart_id=4335 order_id=197716 total=312.27 currency=USD payment_method=paypal
2025-01-05T19:05:59Z event_id=97643be7-7445-4a62-9e8f-23dbc30cf42b type=purchase user_id=88 cart_id=1934 order_id=216185 total=33.52 currency=USD payment_method=paypal
2025-01-05T19:06:56Z event_id=d88d5702-eef8-4ea1-b6f2-239268988050 type=purchase user_id=67 cart_id=5078 order_id=854793 total=132.46 currency=USD payment_method=card
2025-01-05T19:07:35Z event_id=7064776c-b0ff-4931-be69-2904dddb8c4c type=purchase user_id=71 cart_id=2304 order_id=116175 total=268.7 currency=USD payment_method=apple_pay
2025-01-05T19:07:48Z event_id=d8e992e2-e54f-4f47-bb59-1721be3af695 type=purchase user_id=85 cart_id=1756 order_id=181242 total=258.4 currency=USD payment_method=card
2025-01-05T19:07:52Z event_id=ddc8cc75-45dd-41fa-b942-36e9f4c016b2 type=purchase user_id=53 cart_id=5761 order_id=999507 total=371.49 currency=USD payment_method=card
2025-01-05T19:09:29Z event_id=781ac2b3-faf2-4712-8435-0296ccf6d7bd type=purchase user_id=52 cart_id=9090 order_id=231320 total=220.56 currency=USD payment_method=paypal
2025-01-05T19:10:19Z event_id=7e6e2e99-2fa9-44e3-88dd-0c2c30be2669 type=purchase user_id=4 cart_id=2998 order_id=352373 total=93.68 currency=USD payment_method=apple_pay
2025-01-05T19:11:01Z event_id=2e2c43a1-4f51-4e9d-803a-677bce063aa2 type=purchase user_id=96 cart_id=6047 order_id=334677 total=466.57 currency=USD payment_method=apple_pay
2025-01-05T19:12:20Z event_id=58963999-4c09-483f-b772-9002bdfb7dcf type=purchase user_id=17 cart_id=6015 order_id=190707 total=147.94 currency=USD payment_method=paypal
2025-01-05T19:14:30Z event_id=48108973-7ac6-496e-bfaa-87f3d4af49d1 type=purchase user_id=3 cart_id=6533 order_id=975505 total=474.25 currency=USD payment_method=apple_pay
2025-01-05T19:16:00Z event_id=d1ab8ed1-ee61-45d6-95a2-cf6661fc7ba3 type=purchase user_id=30 cart_id=9700 order_id=923841 total=71.0 currency=USD payment_method=apple_pay
2025-01-05T19:17:48Z event_id=000ccbe1-7654-458f-8360-54f55c5f403b type=purchase user_id=50 cart_id=6554 order_id=119570 total=68.94 currency=USD payment_method=apple_pay
2025-01-05T19:17:58Z event_id=1ee505df-e601-4765-acc4-0d82f1be6d7c type=purchase user_id=3 cart_id=1364 order_id=924366 total=99.28 currency=USD payment_method=paypal
2025-01-05T19:18:00Z event_id=8217873c-befa-4796-8a3b-da4ceb1aa8dd type=purchase user_id=42 cart_id=8055 order_id=197966 total=256.26 currency=USD payment_method=card
2025-01-05T19:19:12Z event_id=3c7a60f3-78bc-4802-950e-3c34bc5ea524 type=purchase user_id=24 cart_id=6956 order_id=245473 total=61.52 currency=USD payment_method=paypal
2025-01-05T19:19:50Z event_id=7634fed5-85b2-41d4-b015-120587347b1a type=purchase user_id=66 cart_id=8373 order_id=570534 total=156.0 currency=USD payment_method=apple_pay
2025-01-05T19:22:29Z event_id=e7a018ef-fdf6-4908-956b-f8e22631f6ca type=purchase user_id=56 cart_id=2462 order_id=485306 total=261.2 currency=USD payment_method=paypal
2025-01-05T19:22:41Z event_id=72444ab9-840e-41f2-804d-abb47e7143f0 type=purchase user_id=97 cart_id=4057 order_id=433362 total=402.1 currency=USD payment_method=paypal
2025-01-05T19:22:55Z event_id=5b67f428-5f0f-49c2-84fe-95b1e76da5b7 type=purchase user_id=51 cart_id=6412 order_id=970840 total=78.43 currency=USD payment_method=apple_pay
2025-01-05T19:26:40Z event_id=54d828f9-0827-4277-a91a-65fc7112209d type=purchase user_id=46 cart_id=4407 order_id=796338 total=384.33 currency=USD payment_method=card
2025-01-05T19:26:52Z event_id=006f9ade-047b-4d85-abea-e811f1368db0 type=purchase user_id=100 cart_id=5483 order_id=313660 total=55.69 currency=USD payment_method=card
2025-01-05T19:29:23Z event_id=2d9e9f72-8e0a-4792-bd11-ad955e2b4af3 type=purchase user_id=10 cart_id=4784 order_id=419348 total=389.1 currency=USD payment_method=paypal
2025-01-05T19:31:52Z event_id=80ba7f09-4219-4efa-86b0-aa1ba9388b83 type=purchase user_id=98 cart_id=9040 order_id=333517 total=55.14 currency=USD payment_method=card
2025-01-05T19:35:15Z event_id=a4a33f77-4088-4dc4-9b37-8926642240f3 type=purchase user_id=91 cart_id=5380 order_id=199807 total=10.53 currency=USD payment_method=paypal
2025-01-05T19:37:59Z event_id=e91e7c55-6b8f-4c7d-83e5-cdf701a8a389 type=purchase user_id=1 cart_id=2930 order_id=626884 total=458.63 currency=USD payment_method=paypal
2025-01-05T19:38:10Z event_id=5694200a-802e-4c2a-be89-e5e975983e9c type=purchase user_id=35 cart_id=2073 order_id=965932 total=442.71 currency=USD payment_method=card
2025-01-05T19:44:55Z event_id=6fdbf3ff-7176-44a7-8c80-c6ae4bd784bf type=purchase user_id=72 cart_id=5315 order_id=218229 total=267.04 currency=USD payment_method=paypal
2025-01-05T19:47:08Z event_id=b03a52f8-55a1-4520-99c1-83b103af982a type=purchase user_id=44 cart_id=7692 order_id=189041 total=47.5 currency=USD payment_method=apple_pay
2025-01-05T19:51:25Z event_id=a2bba571-bcd3-4e06-b709-0889e9bc5ba6 type=purchase user_id=72 cart_id=6565 order_id=851765 total=225.06 currency=USD payment_method=paypal
2025-01-05T19:51:53Z event_id=7914b01f-5d49-4cc5-ac10-494376680dd3 type=purchase user_id=71 cart_id=3470 order_id=645013 total=173.44 currency=USD payment_method=apple_pay
2025-01-05T19:52:57Z event_id=ebfabdaf-0ef4-4966-8ce7-7c35de1e8465 type=purchase user_id=21 cart_id=5991 order_id=842762 total=243.11 currency=USD payment_method=paypal
2025-01-05T19:52:59Z event_id=62cd6ee7-b115-492e-a7ad-75e95f8fc75f type=purchase user_id=99 cart_id=7672 order_id=386578 total=302.96 currency=USD payment_method=apple_pay
2025-01-05T19:53:36Z event_id=bef20797-5869-48ea-ae1b-05eda5d7eb99 type=purchase user_id=87 cart_id=7269 order_id=771670 total=455.17 currency=USD payment_method=card
2025-01-05T19:53:57Z event_id=bbd83e4f-9e2c-40f0-bd8b-77d2c165e626 type=purchase user_id=67 cart_id=7313 order_id=698889 total=323.81 currency=USD payment_method=card
2025-01-05T19:56:34Z event_id=49d34281-da8a-494b-8b37-b43ad1d9de7b type=purchase user_id=15 cart_id=2212 order_id=583145 total=319.19 currency=USD payment_method=paypal
2025-01-05T19:56:48Z event_id=37be259e-6fa9-4887-9391-9eacf921c732 type=purchase user_id=6 cart_id=1397 order_id=444941 total=58.41 currency=USD payment_method=paypal
2025-01-05T19:58:34Z event_id=cad00e19-25b1-437c-a81a-02beae9e1207 type=purchase user_id=55 cart_id=6372 order_id=957210 total=203.16 currency=USD payment_method=apple_pay
2025-01-05T19:59:29Z event_id=aae71bba-5d9c-408e-b2ee-cba45b2dcc9c type=purchase user_id=75 cart_id=7418 order_id=612361 total=158.32 currency=USD payment_method=apple_pay
2025-01-05T19:59:41Z event_id=8dcc5577-1acc-4032-86b2-f084e4bfb40d type=purchase user_id=74 cart_id=2040 order_id=330954 total=333.09 currency=USD payment_method=card
2025-01-05T20:00:15Z event_id=5d6fa264-4222-45ea-85da-27cee983011b type=purchase user_id=52 cart_id=3253 order_id=372611 total=87.12 currency=USD payment_method=apple_pay
2025-01-05T20:00:23Z event_id=0c763a31-29cd-4639-a81b-ff814402655a type=purchase user_id=42 cart_id=5298 order_id=260097 total=145.96 currency=USD payment_method=paypal
2025-01-05T20:00:29Z event_id=ed1f1924-0ab0-498d-8813-d2cbbc3aa8f0 type=purchase user_id=5 cart_id=4221 order_id=692232 total=31.99 currency=USD payment_method=paypal
2025-01-05T20:01:06Z event_id=6492dfcb-b0c7-4897-8978-3a93a692d310 type=purchase user_id=52 cart_id=8471 order_id=274654 total=169.3 currency=USD payment_method=paypal
2025-01-05T20:01:49Z event_id=d8ad8a98-2192-484f-808f-15a2e8911846 type=purchase user_id=55 cart_id=6222 order_id=394169 total=167.74 currency=USD payment_method=apple_pay
2025-01-05T20:02:03Z event_id=34200d4c-9a56-4bda-8e24-e0133f3db798 type=purchase user_id=38 cart_id=2965 order_id=778264 total=130.34 currency=USD payment_method=paypal
2025-01-05T20:03:42Z event_id=c1bbc391-97ea-4cf2-bf30-763736a04dbc type=purchase user_id=47 cart_id=5243 order_id=435968 total=316.47 currency=USD payment_method=card
2025-01-05T20:04:55Z event_id=fbe0ac30-2fb3-4a78-93af-c25fd0db9b79 type=purchase user_id=16 cart_id=4401 order_id=801200 total=48.26 currency=USD payment_method=apple_pay
2025-01-05T20:06:01Z event_id=5a946165-fd80-4c16-ac8c-7845e0941621 type=purchase user_id=38 cart_id=7387 order_id=262081 total=259.17 currency=USD payment_method=apple_pay
2025-01-05T20:08:10Z event_id=cf4500ee-864e-4e83-82be-9fe5fd8c7bdf type=purchase user_id=24 cart_id=9698 order_id=447283 total=201.6 currency=USD payment_method=paypal
2025-01-05T20:09:11Z event_id=53dceea3-64c1-4169-b071-8b17477f7057 type=purchase user_id=27 cart_id=6833 order_id=350067 total=65.64 currency=USD payment_method=card
2025-01-05T20:11:08Z event_id=c88f0bf4-036d-4d6c-bfda-6ae574c17ccb type=purchase user_id=46 cart_id=1515 order_id=289037 total=326.6 currency=USD payment_method=card
2025-01-05T20:11:09Z event_id=a8203ce0-e75a-47bd-af14-f68537690960 type=purchase user_id=66 cart_id=9326 order_id=457928 total=431.15 currency=USD payment_method=paypal
2025-01-05T20:12:22Z event_id=2aca4acd-d16c-4b8a-8d44-a6eb493edb53 type=purchase user_id=97 cart_id=4437 order_id=128285 total=490.54 currency=USD payment_method=card
2025-01-05T20:12:29Z event_id=f5bc5a3a-d848-4e24-b3b2-630eec38ab81 type=purchase user_id=58 cart_id=7447 order_id=187108 total=183.81 currency=USD payment_method=paypal
2025-01-05T20:15:41Z event_id=ac37c63e-678f-4ae7-9b3d-6e7cde6674da type=purchase user_id=46 cart_id=1606 order_id=440645 total=92.81 currency=USD payment_method=apple_pay
2025-01-05T20:17:47Z event_id=63263969-a664-4aab-873a-a56d2c16a4a1 type=purchase user_id=95 cart_id=1158 order_id=323589 total=384.47 currency=USD payment_method=apple_pay
2025-01-05T20:19:32Z event_id=8a0ee79a-730e-4066-b648-799baa551322 type=purchase user_id=32 cart_id=2077 order_id=508537 total=128.7 currency=USD payment_method=apple_pay
2025-01-05T20:20:25Z event_id=18d54c5b-62f9-465d-a6e0-62f8b2ebfa7b type=purchase user_id=100 cart_id=7565 order_id=660118 total=360.23 currency=USD payment_method=paypal
2025-01-05T20:23:37Z event_id=16e4070a-0194-41da-a828-86572e566f0f type=purchase user_id=48 cart_id=2208 order_id=864989 total=52.34 currency=USD payment_method=paypal
2025-01-05T20:23:48Z event_id=ecabfced-18f1-4175-9d9c-7793069f4dc5 type=purchase user_id=100 cart_id=3893 order_id=435050 total=461.16 currency=USD payment_method=paypal
2025-01-05T20:25:09Z event_id=6e4db5e3-f1ed-4787-ba85-b42d21d5c6c4 type=purchase user_id=45 cart_id=7646 order_id=186159 total=236.36 currency=USD payment_method=card
2025-01-05T20:26:50Z event_id=da2033f7-fa94-4587-8137-5ea87e69bbe0 type=purchase user_id=8 cart_id=7716 order_id=601946 total=30.77 currency=USD payment_method=card
2025-01-05T20:27:11Z event_id=10988ca7-741f-4810-a609-8f263519441c type=purchase user_id=40 cart_id=8131 order_id=882372 total=374.76 currency=USD payment_method=card
2025-01-05T20:28:05Z event_id=21ee2888-d4a1-420e-98b6-af351827e29f type=purchase user_id=77 cart_id=5216 order_id=672660 total=223.08 currency=USD payment_method=card
2025-01-05T20:29:57Z event_id=22384c56-45aa-49a1-86a3-eb67d5519b48 type=purchase user_id=57 cart_id=3348 order_id=515326 total=64.36 currency=USD payment_method=paypal
2025-01-05T20:33:27Z event_id=ccb7c4db-3c8f-4f33-a812-6dde4e315e0f type=purchase user_id=93 cart_id=5176 order_id=673170 total=464.76 currency=USD payment_method=paypal
2025-01-05T20:35:31Z event_id=59c45887-7ab9-409d-9a9c-0b256d927a9b type=purchase user_id=2 cart_id=9489 order_id=205641 total=169.46 currency=USD payment_method=apple_pay
2025-01-05T20:36:30Z event_id=fd023988-156b-41d7-8663-1a95391e4271 type=purchase user_id=18 cart_id=8644 order_id=205338 total=54.15 currency=USD payment_method=card
2025-01-05T20:36:48Z event_id=a434791a-15a7-42a6-9a9c-88716e97f352 type=purchase user_id=53 cart_id=8366 order_id=261571 total=396.42 currency=USD payment_method=paypal
2025-01-05T20:40:13Z event_id=3ca629a7-e0d9-45f2-b2ee-9ef233140f6b type=purchase user_id=62 cart_id=8293 order_id=177525 total=232.66 currency=USD payment_method=card
2025-01-05T20:40:52Z event_id=b9f6259a-206c-49d2-bb23-b124df6b11ac type=purchase user_id=11 cart_id=7389 order_id=601515 total=319.23 currency=USD payment_method=card
2025-01-05T20:42:36Z event_id=a15c2067-6fc0-4aa4-acc1-3a41fb052fa0 type=purchase user_id=30 cart_id=4833 order_id=295030 total=306.37 currency=USD payment_method=paypal
2025-01-05T20:49:50Z event_id=5495b69a-9be4-4df1-be0b-bab0d368df3c type=purchase user_id=17 cart_id=8093 order_id=138583 total=147.57 currency=USD payment_method=apple_pay
2025-01-05T20:50:40Z event_id=129a449f-885d-4456-a27f-61058039ffef type=purchase user_id=74 cart_id=7388 order_id=356779 total=169.11 currency=USD payment_method=paypal
2025-01-05T20:51:28Z event_id=c7056d9b-bfad-4d3f-98dc-654c35d66dd0 type=purchase user_id=83 cart_id=8897 order_id=830994 total=286.87 currency=USD payment_method=apple_pay
2025-01-05T20:52:30Z event_id=80a1747b-a67d-4ecf-8361-1f8a0e51357a type=purchase user_id=83 cart_id=2877 order_id=318016 total=127.79 currency=USD payment_method=apple_pay
2025-01-05T20:53:14Z event_id=18d7e8eb-be15-4bec-ba8e-bfea540d381d type=purchase user_id=79 cart_id=8242 order_id=943934 total=27.84 currency=USD payment_method=card
2025-01-05T20:54:29Z event_id=9acf7cc3-bbd5-42e4-80a0-b46f177ff274 type=purchase user_id=60 cart_id=8973 order_id=873298 total=32.15 currency=USD payment_method=card
2025-01-05T20:57:57Z event_id=3aa96c4b-db7b-48ef-8068-7d72a4604ccc type=purchase user_id=58 cart_id=1662 order_id=281839 total=67.43 currency=USD payment_method=apple_pay
2025-01-05T20:58:22Z event_id=fb6769e5-152e-4a91-8963-2fd82a741fb8 type=purchase user_id=14 cart_id=4072 order_id=662407 total=397.82 currency=USD payment_method=card
2025-01-05T21:03:44Z event_id=6f979b70-7d82-4404-a613-c54e38a3f23e type=purchase user_id=32 cart_id=3843 order_id=883269 total=50.82 currency=USD payment_method=paypal
2025-01-05T21:04:04Z event_id=e1bf052f-5bab-4a6e-8f68-0014ad9c9180 type=purchase user_id=43 cart_id=6410 order_id=619999 total=119.49 currency=USD payment_method=card
2025-01-05T21:04:25Z event_id=71e631de-a0ac-4784-8289-146210936b8d type=purchase user_id=64 cart_id=8056 order_id=721856 total=191.24 currency=USD payment_method=apple_pay
2025-01-05T21:04:37Z event_id=7e45842d-cebc-4099-b080-bab1f3619fac type=purchase user_id=73 cart_id=6319 order_id=486547 total=82.68 currency=USD payment_method=paypal
2025-01-05T21:07:37Z event_id=022809ad-e135-4c1d-b6b6-1e917e2371a1 type=purchase user_id=70 cart_id=7136 order_id=843814 total=327.33 currency=USD payment_method=card
2025-01-05T21:11:06Z event_id=fa13a0f8-039d-49af-9294-25ebc3c77072 type=purchase user_id=98 cart_id=2921 order_id=308267 total=55.75 currency=USD payment_method=apple_pay
2025-01-05T21:12:01Z event_id=33704d3e-6cbf-4b3d-ac2c-7fecfe1afa9f type=purchase user_id=22 cart_id=8973 order_id=932681 total=131.31 currency=USD payment_method=paypal
2025-01-05T21:13:00Z event_id=0e432580-8ada-4488-a21a-af8d01a85000 type=purchase user_id=35 cart_id=8033 order_id=335954 total=458.52 currency=USD payment_method=card
2025-01-05T21:15:04Z event_id=7c4a1bb1-089c-45e8-b96d-04cbd185c890 type=purchase user_id=22 cart_id=9049 order_id=627788 total=55.83 currency=USD payment_method=paypal
2025-01-05T21:18:00Z event_id=4369ba37-8bf7-442b-8b97-d17cee4e5275 type=purchase user_id=22 cart_id=2992 order_id=991817 total=84.4 currency=USD payment_method=card
2025-01-05T21:18:08Z event_id=ed47ad1e-f447-4f96-9876-29c54dc3a086 type=purchase user_id=80 cart_id=1834 order_id=930837 total=60.57 currency=USD payment_method=card
2025-01-05T21:19:23Z event_id=cd8e391f-22b4-4e9d-bc36-f700b79e8f07 type=purchase user_id=40 cart_id=6004 order_id=682430 total=87.92 currency=USD payment_method=card
2025-01-05T21:23:34Z event_id=30f70b70-1aaa-458e-b6db-7aea59b14d7e type=purchase user_id=68 cart_id=9520 order_id=211369 total=284.37 currency=USD payment_method=paypal
2025-01-05T21:24:15Z event_id=0eaf96d3-1f0e-4ff3-8dfa-83b7cb34f75f type=purchase user_id=33 cart_id=9526 order_id=276083 total=125.76 currency=USD payment_method=card
2025-01-05T21:26:34Z event_id=b1f24f67-7093-4028-a273-bef054ca8032 type=purchase user_id=52 cart_id=7843 order_id=555138 total=280.55 currency=USD payment_method=card
2025-01-05T21:27:08Z event_id=7785642d-c393-4d3f-902b-9a5a938ed5b3 type=purchase user_id=15 cart_id=4316 order_id=994467 total=469.18 currency=USD payment_method=card
2025-01-05T21:27:20Z event_id=722439d6-245f-436c-9b82-2f672b0cd8b9 type=purchase user_id=19 cart_id=4932 order_id=989133 total=431.7 currency=USD payment_method=paypal
2025-01-05T21:27:33Z event_id=d0c63420-47d5-44e0-a1c4-5262df5bbcae type=purchase user_id=62 cart_id=9773 order_id=198195 total=52.55 currency=USD payment_method=apple_pay
2025-01-05T21:28:14Z event_id=2717eeea-7dbc-4caf-99e9-6aeddc95c584 type=purchase user_id=63 cart_id=1314 order_id=258100 total=323.57 currency=USD payment_method=paypal
2025-01-05T21:29:38Z event_id=c7e19f2e-3bf8-41ee-bcef-d296fac25daa type=purchase user_id=3 cart_id=8295 order_id=858386 total=157.49 currency=USD payment_method=paypal
2025-01-05T21:32:42Z event_id=c8b1423d-b7af-484a-aa3d-2ccedd5c8950 type=purchase user_id=20 cart_id=2218 order_id=425286 total=375.74 currency=USD payment_method=card
2025-01-05T21:33:04Z event_id=b28c9142-aebf-4a91-a97b-7fea956b68dd type=purchase user_id=39 cart_id=3293 order_id=513711 total=216.32 currency=USD payment_method=paypal
2025-01-05T21:33:16Z event_id=f5930bf8-98fc-43d0-9a48-42deb5580629 type=purchase user_id=30 cart_id=7297 order_id=656851 total=354.57 currency=USD payment_method=paypal
2025-01-05T21:33:34Z event_id=e8119acd-67fd-4340-94eb-8d9e2c43e4aa type=purchase user_id=87 cart_id=1535 order_id=153929 total=307.48 currency=USD payment_method=apple_pay
2025-01-05T21:34:11Z event_id=893c5600-9c72-4be1-bab1-bfbf9716ed8d type=purchase user_id=5 cart_id=7679 order_id=714298 total=49.72 currency=USD payment_method=apple_pay
2025-01-05T21:36:17Z event_id=59f56766-bbcb-4c12-a2ab-2af696f07098 type=purchase user_id=66 cart_id=8064 order_id=963495 total=18.37 currency=USD payment_method=card
2025-01-05T21:36:23Z event_id=3d66661e-6e5a-46c5-b868-158ad0b299ee type=purchase user_id=61 cart_id=1599 order_id=516286 total=269.65 currency=USD payment_method=paypal
2025-01-05T21:38:42Z event_id=0e2d3734-3bbc-466e-996a-16e116cbec94 type=purchase user_id=47 cart_id=3830 order_id=454584 total=49.77 currency=USD payment_method=paypal
2025-01-05T21:41:07Z event_id=cb768f57-bf1f-4fdc-b0b2-bcb3bd61c503 type=purchase user_id=38 cart_id=3730 order_id=489264 total=498.94 currency=USD payment_method=card
2025-01-05T21:43:50Z event_id=decacfcd-0126-4c4e-88ea-441f620f7552 type=purchase user_id=36 cart_id=4782 order_id=274283 total=15.06 currency=USD payment_method=paypal
2025-01-05T21:46:09Z event_id=25adf0a9-a649-4a72-a5e2-b4f21523fe54 type=purchase user_id=10 cart_id=4206 order_id=969414 total=413.12 currency=USD payment_method=paypal
2025-01-05T21:52:51Z event_id=c3b98e68-88c3-4d1f-8ddb-6fa66508dbad type=purchase user_id=45 cart_id=5571 order_id=192679 total=198.17 currency=USD payment_method=paypal
2025-01-05T21:53:15Z event_id=c78f8980-803b-4065-af18-ceac5450a39e type=purchase user_id=43 cart_id=3041 order_id=120974 total=346.25 currency=USD payment_method=paypal
2025-01-05T21:53:35Z event_id=4fb1f0a6-0a9b-4472-aaff-0b0a486910e5 type=purchase user_id=26 cart_id=7623 order_id=721285 total=136.76 currency=USD payment_method=paypal
2025-01-05T21:54:28Z event_id=aa7d3dca-f046-49b3-ac8b-928d8608860f type=purchase user_id=48 cart_id=4255 order_id=402833 total=393.84 currency=USD payment_method=card
2025-01-05T21:59:03Z event_id=9d114d00-573d-4cb6-be19-de1491252729 type=purchase user_id=98 cart_id=4117 order_id=146675 total=149.4 currency=USD payment_method=card
2025-01-05T22:01:09Z event_id=16a04c97-3569-4d3f-90f5-3e3d7d8d507a type=purchase user_id=81 cart_id=9944 order_id=312186 total=488.32 currency=USD payment_method=paypal
2025-01-05T22:02:02Z event_id=e0d06cc2-6a7e-4f0d-a023-0921a34a36ae type=purchase user_id=4 cart_id=1045 order_id=950067 total=24.41 currency=USD payment_method=card
2025-01-05T22:03:39Z event_id=bf7bb8f3-6de5-44ca-8368-50f3aa17772f type=purchase user_id=48 cart_id=1752 order_id=617216 total=98.29 currency=USD payment_method=card
2025-01-05T22:04:25Z event_id=451e8c44-c6bb-49d1-a241-393a099d9ecf type=purchase user_id=80 cart_id=3825 order_id=658669 total=409.42 currency=USD payment_method=paypal
2025-01-05T22:04:43Z event_id=3bd39341-7b7e-4317-bd36-5ee9162b3de0 type=purchase user_id=44 cart_id=6417 order_id=407189 total=472.68 currency=USD payment_method=paypal
2025-01-05T22:08:47Z event_id=24e1840b-3b0e-4dd3-9c5c-ac44ae190c25 type=purchase user_id=80 cart_id=4061 order_id=967717 total=249.34 currency=USD payment_method=paypal
2025-01-05T22:12:04Z event_id=5ed343b7-8670-4ecf-8d7e-0bdd23152af2 type=purchase user_id=71 cart_id=6523 order_id=458639 total=61.86 currency=USD payment_method=paypal
2025-01-05T22:13:10Z event_id=6a9343fc-c74e-45b2-a88a-996b89b15776 type=purchase user_id=88 cart_id=5532 order_id=332873 total=217.31 currency=USD payment_method=apple_pay
2025-01-05T22:14:40Z event_id=c69cd506-816b-461a-be7a-3924f5a148f3 type=purchase user_id=7 cart_id=8595 order_id=728210 total=342.97 currency=USD payment_method=card
2025-01-05T22:18:16Z event_id=d77aa9e2-dd15-4b15-abd7-1fecd6804c8e type=purchase user_id=50 cart_id=2659 order_id=994101 total=25.29 currency=USD payment_method=card
2025-01-05T22:20:16Z event_id=fdaee97d-1bc8-41ec-8730-6578992e6e6b type=purchase user_id=94 cart_id=9041 order_id=485999 total=259.48 currency=USD payment_method=card
2025-01-05T22:21:12Z event_id=dd1b5529-9d32-458f-8c65-e46b3843b3bf type=purchase user_id=3 cart_id=3487 order_id=924076 total=352.63 currency=USD payment_method=apple_pay
2025-01-05T22:22:17Z event_id=16edcdce-a461-43dc-9877-0f11927efa9a type=purchase user_id=11 cart_id=1379 order_id=854145 total=285.94 currency=USD payment_method=paypal
2025-01-05T22:22:19Z event_id=27961755-5ad0-4208-8c00-6a010b0d3cf0 type=purchase user_id=87 cart_id=3772 order_id=678406 total=416.63 currency=USD payment_method=paypal
2025-01-05T22:22:58Z event_id=4000c4e6-a0a8-400b-a5c0-9e81535bce3a type=purchase user_id=27 cart_id=6075 order_id=846176 total=459.27 currency=USD payment_method=paypal
2025-01-05T22:25:53Z event_id=f023f712-be83-4e79-9ba8-492339794553 type=purchase user_id=62 cart_id=1173 order_id=842685 total=396.81 currency=USD payment_method=paypal
2025-01-05T22:25:57Z event_id=a117a5a7-eeca-44a4-970a-ad1a39afdc76 type=purchase user_id=55 cart_id=5574 order_id=910552 total=343.25 currency=USD payment_method=paypal
2025-01-05T22:27:43Z event_id=ef54dcab-79d9-4ffa-b6bb-10c73a38e8d0 type=purchase user_id=61 cart_id=8589 order_id=555915 total=100.14 currency=USD payment_method=apple_pay
2025-01-05T22:28:38Z event_id=72d4fdc6-5da1-4ece-b641-b1ac835fd785 type=purchase user_id=55 cart_id=5157 order_id=381924 total=388.49 currency=USD payment_method=paypal
2025-01-05T22:29:48Z event_id=51a86038-ba08-4882-aea1-6907d2fcd7a9 type=purchase user_id=90 cart_id=3307 order_id=342020 total=468.1 currency=USD payment_method=paypal
2025-01-05T22:31:21Z event_id=ff2e207b-405f-4fa3-a9ae-ad8923c51c00 type=purchase user_id=64 cart_id=4215 order_id=438556 total=161.81 currency=USD payment_method=apple_pay
2025-01-05T22:32:33Z event_id=aacd8559-dc0b-4473-bf66-b2edcd1427a4 type=purchase user_id=90 cart_id=3130 order_id=323647 total=439.41 currency=USD payment_method=card
2025-01-05T22:33:41Z event_id=d5a8f93f-df60-4bb9-8648-9f72c82d22e9 type=purchase user_id=1 cart_id=5837 order_id=510522 total=63.76 currency=USD payment_method=paypal
2025-01-05T22:34:00Z event_id=1c614d32-9cbb-40c9-bba0-7073b3e4bc78 type=purchase user_id=59 cart_id=2572 order_id=241843 total=318.79 currency=USD payment_method=card
2025-01-05T22:34:40Z event_id=0ce4eeb9-d9ac-4fd3-abe4-ea10f9116dec type=purchase user_id=89 cart_id=2965 order_id=970455 total=302.99 currency=USD payment_method=paypal
2025-01-05T22:35:55Z event_id=1a73987e-9fdc-4d10-8af1-18d6bf5e4c9b type=purchase user_id=86 cart_id=1213 order_id=677347 total=49.96 currency=USD payment_method=apple_pay
2025-01-05T22:36:04Z event_id=bb881894-0e7e-4726-9e83-a6a3e611cd52 type=purchase user_id=78 cart_id=7668 order_id=833859 total=491.82 currency=USD payment_method=apple_pay
2025-01-05T22:36:46Z event_id=cb1d9ffd-58dc-4a2d-9360-079c05618008 type=purchase user_id=82 cart_id=8426 order_id=709686 total=461.87 currency=USD payment_method=card
2025-01-05T22:38:37Z event_id=feff8a1c-40fc-491a-af22-cf55eb17f8b0 type=purchase user_id=32 cart_id=6051 order_id=859073 total=73.28 currency=USD payment_method=apple_pay
